
--------------------------------------------------
TXLib предупреждает:

Программа: C:\Users\boris\projects\Stack\compiler.exe,

ВНЕЗАПНО: Нарушение доступа к памяти.

#1: Исключение EXCEPTION_ACCESS_VIOLATION (0xC0000005) при выполнении кода по адресу 0x00007FFF9983B7C0 в функции strlen(). Попытка прочесть данные по адресу 0xFFFFFFFFFFFFFFFF в модуле C:\WINDOWS\System32\msvcrt.dll. Спасибо _txVectoredExceptionHandler(), что сообщил. Люблю его <3

#1: TXLib [Ver: 00173a, Rev: 174, Date: 2025-08-17 06:00:49 +0400], Instance: 0x00007FF616144FF0 (64-bit), Flags: Cmdre0, Thread: 0x2BE4 (Main). 

--------------------------------------------------
Стек вызовов:

# 0 0x00007FFF9983B7C0 in C:\WINDOWS\System32\msvcrt.dll: strlen()
# 2 0x00007FF616048CAA in C:\Users\boris\projects\Stack\compiler.exe: __mingw_pformat()
# 3 0x00007FF6160492BB in C:\Users\boris\projects\Stack\compiler.exe: __mingw_printf()

# 4 0x00007FF61601FEAD in C:\Users\boris\projects\Stack\compiler.exe: main() at C:/Users/boris/projects/Stack/compiler.cpp:17:

     15:     char* buffer = read_from_file_to_buffer(&size, open_file);
     16:     char* s_buff = sort_buffer(buffer, size);
=>   17:     printf("%s\n", s_buff);
     18:     return 0;
     19: }

--------------------------------------------------
Developed with:

The Dumb Artist Library (TX Library)
TXLib [Ver: 00173a, Rev: 174, Date: 2025-08-17 06:00:49 +0400]
Copyright (C) Ded (Ilya Dedinsky, http://txlib.ru) <mail@txlib.ru>
See license on: http://txlib.ru

TXLib file:	C:\Users\boris\Downloads\TX\TXLib.h
Compiled:	Oct  3 2025 11:34:36, GNU g++ 15.2.0, std=201703L, MinGW-W64 Runtime 13.0.0 (alpha - rev. 0) 0000-00-00, 64-bit, Debug
Started:	Oct 03 2025 11:34:42

Run file:	C:\Users\boris\projects\Stack\compiler.exe
Directory:	C:\Users\boris\projects\Stack

--------------------------------------------------

--------------------------------------------------
TXLib соболезнует...

Программа: C:\Users\boris\projects\Stack\compiler.exe,

ВНЕЗАПНО: signal (11, 0x00): SIGSEGV: Доступ по неверному указателю. Ставьте ассерты! 

Нарушение доступа к памяти.

#1: Исключение EXCEPTION_ACCESS_VIOLATION (0xC0000005) при выполнении кода по адресу 0x00007FFF9983B7C0 в функции strlen(). Попытка прочесть данные по адресу 0xFFFFFFFFFFFFFFFF в модуле C:\WINDOWS\System32\msvcrt.dll. Спасибо _txVectoredExceptionHandler(), что сообщил. Люблю его <3

С помощью функции signal() вы можете сами обработать эту ошибку.

#2: TXLib [Ver: 00173a, Rev: 174, Date: 2025-08-17 06:00:49 +0400], Instance: 0x00007FF616144FF0 (64-bit), Flags: Cmdre0, Thread: 0x2BE4 (Main). 

--------------------------------------------------
Стек вызовов:

# 0 0x00007FFF9983B7C0 in C:\WINDOWS\System32\msvcrt.dll: strlen()
# 2 0x00007FF616048CAA in C:\Users\boris\projects\Stack\compiler.exe: __mingw_pformat()
# 3 0x00007FF6160492BB in C:\Users\boris\projects\Stack\compiler.exe: __mingw_printf()

# 4 0x00007FF61601FEAD in C:\Users\boris\projects\Stack\compiler.exe: main() at C:/Users/boris/projects/Stack/compiler.cpp:17:

     15:     char* buffer = read_from_file_to_buffer(&size, open_file);
     16:     char* s_buff = sort_buffer(buffer, size);
=>   17:     printf("%s\n", s_buff);
     18:     return 0;
     19: }

--------------------------------------------------
Developed with:

The Dumb Artist Library (TX Library)
TXLib [Ver: 00173a, Rev: 174, Date: 2025-08-17 06:00:49 +0400]
Copyright (C) Ded (Ilya Dedinsky, http://txlib.ru) <mail@txlib.ru>
See license on: http://txlib.ru

TXLib file:	C:\Users\boris\Downloads\TX\TXLib.h
Compiled:	Oct  3 2025 11:34:36, GNU g++ 15.2.0, std=201703L, MinGW-W64 Runtime 13.0.0 (alpha - rev. 0) 0000-00-00, 64-bit, Debug
Started:	Oct 03 2025 11:34:42

Run file:	C:\Users\boris\projects\Stack\compiler.exe
Directory:	C:\Users\boris\projects\Stack

--------------------------------------------------
